The system is: Linux - 4.13.0-46-generic - x86_64
Compiling the CXX compiler identification source file "CMakeCXXCompilerId.cpp" succeeded.
Compiler: /usr/bin/c++ 
Build flags: 
Id flags:  

The output was:
0


Compilation of the CXX compiler identification source "CMakeCXXCompilerId.cpp" produced "a.out"

The CXX compiler identification is GNU, found in "/home/osamac/CLionProjects/Extractor/cmake-build-debug/CMakeFiles/3.9.6/CompilerIdCXX/a.out"

Compiling the C compiler identification source file "CMakeCCompilerId.c" succeeded.
Compiler: /usr/bin/cc 
Build flags: 
Id flags:  

The output was:
0


Compilation of the C compiler identification source "CMakeCCompilerId.c" produced "a.out"

The C compiler identification is GNU, found in "/home/osamac/CLionProjects/Extractor/cmake-build-debug/CMakeFiles/3.9.6/CompilerIdC/a.out"

Determining if the CXX compiler works passed with the following output:
Change Dir: /home/osamac/CLionProjects/Extractor/cmake-build-debug/CMakeFiles/CMakeTmp

Run Build Command:"/usr/bin/make" "cmTC_7ec3b/fast"
/usr/bin/make -f CMakeFiles/cmTC_7ec3b.dir/build.make CMakeFiles/cmTC_7ec3b.dir/build
make[1]: Entering directory '/home/osamac/CLionProjects/Extractor/cmake-build-debug/CMakeFiles/CMakeTmp'
Building CXX object CMakeFiles/cmTC_7ec3b.dir/testCXXCompiler.cxx.o
/usr/bin/c++     -o CMakeFiles/cmTC_7ec3b.dir/testCXXCompiler.cxx.o -c /home/osamac/CLionProjects/Extractor/cmake-build-debug/CMakeFiles/CMakeTmp/testCXXCompiler.cxx
Linking CXX executable cmTC_7ec3b
"/home/osamac/Program Files/clion-2017.3.4/bin/cmake/bin/cmake" -E cmake_link_script CMakeFiles/cmTC_7ec3b.dir/link.txt --verbose=1
/usr/bin/c++       -rdynamic CMakeFiles/cmTC_7ec3b.dir/testCXXCompiler.cxx.o  -o cmTC_7ec3b 
make[1]: Leaving directory '/home/osamac/CLionProjects/Extractor/cmake-build-debug/CMakeFiles/CMakeTmp'


Detecting CXX compiler ABI info compiled with the following output:
Change Dir: /home/osamac/CLionProjects/Extractor/cmake-build-debug/CMakeFiles/CMakeTmp

Run Build Command:"/usr/bin/make" "cmTC_95d74/fast"
/usr/bin/make -f CMakeFiles/cmTC_95d74.dir/build.make CMakeFiles/cmTC_95d74.dir/build
make[1]: Entering directory '/home/osamac/CLionProjects/Extractor/cmake-build-debug/CMakeFiles/CMakeTmp'
Building CXX object CMakeFiles/cmTC_95d74.dir/CMakeCXXCompilerABI.cpp.o
/usr/bin/c++     -o CMakeFiles/cmTC_95d74.dir/CMakeCXXCompilerABI.cpp.o -c "/home/osamac/Program Files/clion-2017.3.4/bin/cmake/share/cmake-3.9/Modules/CMakeCXXCompilerABI.cpp"
Linking CXX executable cmTC_95d74
"/home/osamac/Program Files/clion-2017.3.4/bin/cmake/bin/cmake" -E cmake_link_script CMakeFiles/cmTC_95d74.dir/link.txt --verbose=1
/usr/bin/c++      -v -rdynamic CMakeFiles/cmTC_95d74.dir/CMakeCXXCompilerABI.cpp.o  -o cmTC_95d74 
Using built-in specs.
COLLECT_GCC=/usr/bin/c++
COLLECT_LTO_WRAPPER=/usr/lib/gcc/x86_64-linux-gnu/7/lto-wrapper
OFFLOAD_TARGET_NAMES=nvptx-none
OFFLOAD_TARGET_DEFAULT=1
Target: x86_64-linux-gnu
Configured with: ../src/configure -v --with-pkgversion='Ubuntu 7.2.0-8ubuntu3.2' --with-bugurl=file:///usr/share/doc/gcc-7/README.Bugs --enable-languages=c,ada,c++,go,brig,d,fortran,objc,obj-c++ --prefix=/usr --with-gcc-major-version-only --program-suffix=-7 --program-prefix=x86_64-linux-gnu- --enable-shared --enable-linker-build-id --libexecdir=/usr/lib --without-included-gettext --enable-threads=posix --libdir=/usr/lib --enable-nls --with-sysroot=/ --enable-clocale=gnu --enable-libstdcxx-debug --enable-libstdcxx-time=yes --with-default-libstdcxx-abi=new --enable-gnu-unique-object --disable-vtable-verify --enable-libmpx --enable-plugin --enable-default-pie --with-system-zlib --with-target-system-zlib --enable-objc-gc=auto --enable-multiarch --disable-werror --with-arch-32=i686 --with-abi=m64 --with-multilib-list=m32,m64,mx32 --enable-multilib --with-tune=generic --enable-offload-targets=nvptx-none --without-cuda-driver --enable-checking=release --build=x86_64-linux-gnu --host=x86_64-linux-gnu --target=x86_64-linux-gnu
Thread model: posix
gcc version 7.2.0 (Ubuntu 7.2.0-8ubuntu3.2) 
COMPILER_PATH=/usr/lib/gcc/x86_64-linux-gnu/7/:/usr/lib/gcc/x86_64-linux-gnu/7/:/usr/lib/gcc/x86_64-linux-gnu/:/usr/lib/gcc/x86_64-linux-gnu/7/:/usr/lib/gcc/x86_64-linux-gnu/
LIBRARY_PATH=/usr/lib/gcc/x86_64-linux-gnu/7/:/usr/lib/gcc/x86_64-linux-gnu/7/../../../x86_64-linux-gnu/:/usr/lib/gcc/x86_64-linux-gnu/7/../../../../lib/:/lib/x86_64-linux-gnu/:/lib/../lib/:/usr/lib/x86_64-linux-gnu/:/usr/lib/../lib/:/usr/lib/gcc/x86_64-linux-gnu/7/../../../:/lib/:/usr/lib/
COLLECT_GCC_OPTIONS='-v' '-rdynamic' '-o' 'cmTC_95d74' '-shared-libgcc' '-mtune=generic' '-march=x86-64'
 /usr/lib/gcc/x86_64-linux-gnu/7/collect2 -plugin /usr/lib/gcc/x86_64-linux-gnu/7/liblto_plugin.so -plugin-opt=/usr/lib/gcc/x86_64-linux-gnu/7/lto-wrapper -plugin-opt=-fresolution=/tmp/ccwGr751.res -plugin-opt=-pass-through=-lgcc_s -plugin-opt=-pass-through=-lgcc -plugin-opt=-pass-through=-lc -plugin-opt=-pass-through=-lgcc_s -plugin-opt=-pass-through=-lgcc --sysroot=/ --build-id --eh-frame-hdr -m elf_x86_64 --hash-style=gnu --as-needed -export-dynamic -dynamic-linker /lib64/ld-linux-x86-64.so.2 -pie -z now -z relro -o cmTC_95d74 /usr/lib/gcc/x86_64-linux-gnu/7/../../../x86_64-linux-gnu/Scrt1.o /usr/lib/gcc/x86_64-linux-gnu/7/../../../x86_64-linux-gnu/crti.o /usr/lib/gcc/x86_64-linux-gnu/7/crtbeginS.o -L/usr/lib/gcc/x86_64-linux-gnu/7 -L/usr/lib/gcc/x86_64-linux-gnu/7/../../../x86_64-linux-gnu -L/usr/lib/gcc/x86_64-linux-gnu/7/../../../../lib -L/lib/x86_64-linux-gnu -L/lib/../lib -L/usr/lib/x86_64-linux-gnu -L/usr/lib/../lib -L/usr/lib/gcc/x86_64-linux-gnu/7/../../.. CMakeFiles/cmTC_95d74.dir/CMakeCXXCompilerABI.cpp.o -lstdc++ -lm -lgcc_s -lgcc -lc -lgcc_s -lgcc /usr/lib/gcc/x86_64-linux-gnu/7/crtendS.o /usr/lib/gcc/x86_64-linux-gnu/7/../../../x86_64-linux-gnu/crtn.o
COLLECT_GCC_OPTIONS='-v' '-rdynamic' '-o' 'cmTC_95d74' '-shared-libgcc' '-mtune=generic' '-march=x86-64'
make[1]: Leaving directory '/home/osamac/CLionProjects/Extractor/cmake-build-debug/CMakeFiles/CMakeTmp'


Parsed CXX implicit link information from above output:
  link line regex: [^( *|.*[/\])(ld|CMAKE_LINK_STARTFILE-NOTFOUND|([^/\]+-)?ld|collect2)[^/\]*( |$)]
  ignore line: [Change Dir: /home/osamac/CLionProjects/Extractor/cmake-build-debug/CMakeFiles/CMakeTmp]
  ignore line: []
  ignore line: [Run Build Command:"/usr/bin/make" "cmTC_95d74/fast"]
  ignore line: [/usr/bin/make -f CMakeFiles/cmTC_95d74.dir/build.make CMakeFiles/cmTC_95d74.dir/build]
  ignore line: [make[1]: Entering directory '/home/osamac/CLionProjects/Extractor/cmake-build-debug/CMakeFiles/CMakeTmp']
  ignore line: [Building CXX object CMakeFiles/cmTC_95d74.dir/CMakeCXXCompilerABI.cpp.o]
  ignore line: [/usr/bin/c++     -o CMakeFiles/cmTC_95d74.dir/CMakeCXXCompilerABI.cpp.o -c "/home/osamac/Program Files/clion-2017.3.4/bin/cmake/share/cmake-3.9/Modules/CMakeCXXCompilerABI.cpp"]
  ignore line: [Linking CXX executable cmTC_95d74]
  ignore line: ["/home/osamac/Program Files/clion-2017.3.4/bin/cmake/bin/cmake" -E cmake_link_script CMakeFiles/cmTC_95d74.dir/link.txt --verbose=1]
  ignore line: [/usr/bin/c++      -v -rdynamic CMakeFiles/cmTC_95d74.dir/CMakeCXXCompilerABI.cpp.o  -o cmTC_95d74 ]
  ignore line: [Using built-in specs.]
  ignore line: [COLLECT_GCC=/usr/bin/c++]
  ignore line: [COLLECT_LTO_WRAPPER=/usr/lib/gcc/x86_64-linux-gnu/7/lto-wrapper]
  ignore line: [OFFLOAD_TARGET_NAMES=nvptx-none]
  ignore line: [OFFLOAD_TARGET_DEFAULT=1]
  ignore line: [Target: x86_64-linux-gnu]
  ignore line: [Configured with: ../src/configure -v --with-pkgversion='Ubuntu 7.2.0-8ubuntu3.2' --with-bugurl=file:///usr/share/doc/gcc-7/README.Bugs --enable-languages=c,ada,c++,go,brig,d,fortran,objc,obj-c++ --prefix=/usr --with-gcc-major-version-only --program-suffix=-7 --program-prefix=x86_64-linux-gnu- --enable-shared --enable-linker-build-id --libexecdir=/usr/lib --without-included-gettext --enable-threads=posix --libdir=/usr/lib --enable-nls --with-sysroot=/ --enable-clocale=gnu --enable-libstdcxx-debug --enable-libstdcxx-time=yes --with-default-libstdcxx-abi=new --enable-gnu-unique-object --disable-vtable-verify --enable-libmpx --enable-plugin --enable-default-pie --with-system-zlib --with-target-system-zlib --enable-objc-gc=auto --enable-multiarch --disable-werror --with-arch-32=i686 --with-abi=m64 --with-multilib-list=m32,m64,mx32 --enable-multilib --with-tune=generic --enable-offload-targets=nvptx-none --without-cuda-driver --enable-checking=release --build=x86_64-linux-gnu --host=x86_64-linux-gnu --target=x86_64-linux-gnu]
  ignore line: [Thread model: posix]
  ignore line: [gcc version 7.2.0 (Ubuntu 7.2.0-8ubuntu3.2) ]
  ignore line: [COMPILER_PATH=/usr/lib/gcc/x86_64-linux-gnu/7/:/usr/lib/gcc/x86_64-linux-gnu/7/:/usr/lib/gcc/x86_64-linux-gnu/:/usr/lib/gcc/x86_64-linux-gnu/7/:/usr/lib/gcc/x86_64-linux-gnu/]
  ignore line: [LIBRARY_PATH=/usr/lib/gcc/x86_64-linux-gnu/7/:/usr/lib/gcc/x86_64-linux-gnu/7/../../../x86_64-linux-gnu/:/usr/lib/gcc/x86_64-linux-gnu/7/../../../../lib/:/lib/x86_64-linux-gnu/:/lib/../lib/:/usr/lib/x86_64-linux-gnu/:/usr/lib/../lib/:/usr/lib/gcc/x86_64-linux-gnu/7/../../../:/lib/:/usr/lib/]
  ignore line: [COLLECT_GCC_OPTIONS='-v' '-rdynamic' '-o' 'cmTC_95d74' '-shared-libgcc' '-mtune=generic' '-march=x86-64']
  link line: [ /usr/lib/gcc/x86_64-linux-gnu/7/collect2 -plugin /usr/lib/gcc/x86_64-linux-gnu/7/liblto_plugin.so -plugin-opt=/usr/lib/gcc/x86_64-linux-gnu/7/lto-wrapper -plugin-opt=-fresolution=/tmp/ccwGr751.res -plugin-opt=-pass-through=-lgcc_s -plugin-opt=-pass-through=-lgcc -plugin-opt=-pass-through=-lc -plugin-opt=-pass-through=-lgcc_s -plugin-opt=-pass-through=-lgcc --sysroot=/ --build-id --eh-frame-hdr -m elf_x86_64 --hash-style=gnu --as-needed -export-dynamic -dynamic-linker /lib64/ld-linux-x86-64.so.2 -pie -z now -z relro -o cmTC_95d74 /usr/lib/gcc/x86_64-linux-gnu/7/../../../x86_64-linux-gnu/Scrt1.o /usr/lib/gcc/x86_64-linux-gnu/7/../../../x86_64-linux-gnu/crti.o /usr/lib/gcc/x86_64-linux-gnu/7/crtbeginS.o -L/usr/lib/gcc/x86_64-linux-gnu/7 -L/usr/lib/gcc/x86_64-linux-gnu/7/../../../x86_64-linux-gnu -L/usr/lib/gcc/x86_64-linux-gnu/7/../../../../lib -L/lib/x86_64-linux-gnu -L/lib/../lib -L/usr/lib/x86_64-linux-gnu -L/usr/lib/../lib -L/usr/lib/gcc/x86_64-linux-gnu/7/../../.. CMakeFiles/cmTC_95d74.dir/CMakeCXXCompilerABI.cpp.o -lstdc++ -lm -lgcc_s -lgcc -lc -lgcc_s -lgcc /usr/lib/gcc/x86_64-linux-gnu/7/crtendS.o /usr/lib/gcc/x86_64-linux-gnu/7/../../../x86_64-linux-gnu/crtn.o]
    arg [/usr/lib/gcc/x86_64-linux-gnu/7/collect2] ==> ignore
    arg [-plugin] ==> ignore
    arg [/usr/lib/gcc/x86_64-linux-gnu/7/liblto_plugin.so] ==> ignore
    arg [-plugin-opt=/usr/lib/gcc/x86_64-linux-gnu/7/lto-wrapper] ==> ignore
    arg [-plugin-opt=-fresolution=/tmp/ccwGr751.res] ==> ignore
    arg [-plugin-opt=-pass-through=-lgcc_s] ==> ignore
    arg [-plugin-opt=-pass-through=-lgcc] ==> ignore
    arg [-plugin-opt=-pass-through=-lc] ==> ignore
    arg [-plugin-opt=-pass-through=-lgcc_s] ==> ignore
    arg [-plugin-opt=-pass-through=-lgcc] ==> ignore
    arg [--sysroot=/] ==> ignore
    arg [--build-id] ==> ignore
    arg [--eh-frame-hdr] ==> ignore
    arg [-m] ==> ignore
    arg [elf_x86_64] ==> ignore
    arg [--hash-style=gnu] ==> ignore
    arg [--as-needed] ==> ignore
    arg [-export-dynamic] ==> ignore
    arg [-dynamic-linker] ==> ignore
    arg [/lib64/ld-linux-x86-64.so.2] ==> ignore
    arg [-pie] ==> ignore
    arg [-znow] ==> ignore
    arg [-zrelro] ==> ignore
    arg [-o] ==> ignore
    arg [cmTC_95d74] ==> ignore
    arg [/usr/lib/gcc/x86_64-linux-gnu/7/../../../x86_64-linux-gnu/Scrt1.o] ==> ignore
    arg [/usr/lib/gcc/x86_64-linux-gnu/7/../../../x86_64-linux-gnu/crti.o] ==> ignore
    arg [/usr/lib/gcc/x86_64-linux-gnu/7/crtbeginS.o] ==> ignore
    arg [-L/usr/lib/gcc/x86_64-linux-gnu/7] ==> dir [/usr/lib/gcc/x86_64-linux-gnu/7]
    arg [-L/usr/lib/gcc/x86_64-linux-gnu/7/../../../x86_64-linux-gnu] ==> dir [/usr/lib/gcc/x86_64-linux-gnu/7/../../../x86_64-linux-gnu]
    arg [-L/usr/lib/gcc/x86_64-linux-gnu/7/../../../../lib] ==> dir [/usr/lib/gcc/x86_64-linux-gnu/7/../../../../lib]
    arg [-L/lib/x86_64-linux-gnu] ==> dir [/lib/x86_64-linux-gnu]
    arg [-L/lib/../lib] ==> dir [/lib/../lib]
    arg [-L/usr/lib/x86_64-linux-gnu] ==> dir [/usr/lib/x86_64-linux-gnu]
    arg [-L/usr/lib/../lib] ==> dir [/usr/lib/../lib]
    arg [-L/usr/lib/gcc/x86_64-linux-gnu/7/../../..] ==> dir [/usr/lib/gcc/x86_64-linux-gnu/7/../../..]
    arg [CMakeFiles/cmTC_95d74.dir/CMakeCXXCompilerABI.cpp.o] ==> ignore
    arg [-lstdc++] ==> lib [stdc++]
    arg [-lm] ==> lib [m]
    arg [-lgcc_s] ==> lib [gcc_s]
    arg [-lgcc] ==> lib [gcc]
    arg [-lc] ==> lib [c]
    arg [-lgcc_s] ==> lib [gcc_s]
    arg [-lgcc] ==> lib [gcc]
    arg [/usr/lib/gcc/x86_64-linux-gnu/7/crtendS.o] ==> ignore
    arg [/usr/lib/gcc/x86_64-linux-gnu/7/../../../x86_64-linux-gnu/crtn.o] ==> ignore
  collapse library dir [/usr/lib/gcc/x86_64-linux-gnu/7] ==> [/usr/lib/gcc/x86_64-linux-gnu/7]
  collapse library dir [/usr/lib/gcc/x86_64-linux-gnu/7/../../../x86_64-linux-gnu] ==> [/usr/lib/x86_64-linux-gnu]
  collapse library dir [/usr/lib/gcc/x86_64-linux-gnu/7/../../../../lib] ==> [/usr/lib]
  collapse library dir [/lib/x86_64-linux-gnu] ==> [/lib/x86_64-linux-gnu]
  collapse library dir [/lib/../lib] ==> [/lib]
  collapse library dir [/usr/lib/x86_64-linux-gnu] ==> [/usr/lib/x86_64-linux-gnu]
  collapse library dir [/usr/lib/../lib] ==> [/usr/lib]
  collapse library dir [/usr/lib/gcc/x86_64-linux-gnu/7/../../..] ==> [/usr/lib]
  implicit libs: [stdc++;m;gcc_s;gcc;c;gcc_s;gcc]
  implicit dirs: [/usr/lib/gcc/x86_64-linux-gnu/7;/usr/lib/x86_64-linux-gnu;/usr/lib;/lib/x86_64-linux-gnu;/lib]
  implicit fwks: []




Detecting CXX [-std=c++1z] compiler features compiled with the following output:
Change Dir: /home/osamac/CLionProjects/Extractor/cmake-build-debug/CMakeFiles/CMakeTmp

Run Build Command:"/usr/bin/make" "cmTC_0493f/fast"
/usr/bin/make -f CMakeFiles/cmTC_0493f.dir/build.make CMakeFiles/cmTC_0493f.dir/build
make[1]: Entering directory '/home/osamac/CLionProjects/Extractor/cmake-build-debug/CMakeFiles/CMakeTmp'
Building CXX object CMakeFiles/cmTC_0493f.dir/feature_tests.cxx.o
/usr/bin/c++    -std=c++1z -o CMakeFiles/cmTC_0493f.dir/feature_tests.cxx.o -c /home/osamac/CLionProjects/Extractor/cmake-build-debug/CMakeFiles/feature_tests.cxx
Linking CXX executable cmTC_0493f
"/home/osamac/Program Files/clion-2017.3.4/bin/cmake/bin/cmake" -E cmake_link_script CMakeFiles/cmTC_0493f.dir/link.txt --verbose=1
/usr/bin/c++       -rdynamic CMakeFiles/cmTC_0493f.dir/feature_tests.cxx.o  -o cmTC_0493f 
make[1]: Leaving directory '/home/osamac/CLionProjects/Extractor/cmake-build-debug/CMakeFiles/CMakeTmp'


    Feature record: CXX_FEATURE:1cxx_aggregate_default_initializers
    Feature record: CXX_FEATURE:1cxx_alias_templates
    Feature record: CXX_FEATURE:1cxx_alignas
    Feature record: CXX_FEATURE:1cxx_alignof
    Feature record: CXX_FEATURE:1cxx_attributes
    Feature record: CXX_FEATURE:1cxx_attribute_deprecated
    Feature record: CXX_FEATURE:1cxx_auto_type
    Feature record: CXX_FEATURE:1cxx_binary_literals
    Feature record: CXX_FEATURE:1cxx_constexpr
    Feature record: CXX_FEATURE:1cxx_contextual_conversions
    Feature record: CXX_FEATURE:1cxx_decltype
    Feature record: CXX_FEATURE:1cxx_decltype_auto
    Feature record: CXX_FEATURE:1cxx_decltype_incomplete_return_types
    Feature record: CXX_FEATURE:1cxx_default_function_template_args
    Feature record: CXX_FEATURE:1cxx_defaulted_functions
    Feature record: CXX_FEATURE:1cxx_defaulted_move_initializers
    Feature record: CXX_FEATURE:1cxx_delegating_constructors
    Feature record: CXX_FEATURE:1cxx_deleted_functions
    Feature record: CXX_FEATURE:1cxx_digit_separators
    Feature record: CXX_FEATURE:1cxx_enum_forward_declarations
    Feature record: CXX_FEATURE:1cxx_explicit_conversions
    Feature record: CXX_FEATURE:1cxx_extended_friend_declarations
    Feature record: CXX_FEATURE:1cxx_extern_templates
    Feature record: CXX_FEATURE:1cxx_final
    Feature record: CXX_FEATURE:1cxx_func_identifier
    Feature record: CXX_FEATURE:1cxx_generalized_initializers
    Feature record: CXX_FEATURE:1cxx_generic_lambdas
    Feature record: CXX_FEATURE:1cxx_inheriting_constructors
    Feature record: CXX_FEATURE:1cxx_inline_namespaces
    Feature record: CXX_FEATURE:1cxx_lambdas
    Feature record: CXX_FEATURE:1cxx_lambda_init_captures
    Feature record: CXX_FEATURE:1cxx_local_type_template_args
    Feature record: CXX_FEATURE:1cxx_long_long_type
    Feature record: CXX_FEATURE:1cxx_noexcept
    Feature record: CXX_FEATURE:1cxx_nonstatic_member_init
    Feature record: CXX_FEATURE:1cxx_nullptr
    Feature record: CXX_FEATURE:1cxx_override
    Feature record: CXX_FEATURE:1cxx_range_for
    Feature record: CXX_FEATURE:1cxx_raw_string_literals
    Feature record: CXX_FEATURE:1cxx_reference_qualified_functions
    Feature record: CXX_FEATURE:1cxx_relaxed_constexpr
    Feature record: CXX_FEATURE:1cxx_return_type_deduction
    Feature record: CXX_FEATURE:1cxx_right_angle_brackets
    Feature record: CXX_FEATURE:1cxx_rvalue_references
    Feature record: CXX_FEATURE:1cxx_sizeof_member
    Feature record: CXX_FEATURE:1cxx_static_assert
    Feature record: CXX_FEATURE:1cxx_strong_enums
    Feature record: CXX_FEATURE:1cxx_template_template_parameters
    Feature record: CXX_FEATURE:1cxx_thread_local
    Feature record: CXX_FEATURE:1cxx_trailing_return_types
    Feature record: CXX_FEATURE:1cxx_unicode_literals
    Feature record: CXX_FEATURE:1cxx_uniform_initialization
    Feature record: CXX_FEATURE:1cxx_unrestricted_unions
    Feature record: CXX_FEATURE:1cxx_user_literals
    Feature record: CXX_FEATURE:1cxx_variable_templates
    Feature record: CXX_FEATURE:1cxx_variadic_macros
    Feature record: CXX_FEATURE:1cxx_variadic_templates


Detecting CXX [-std=c++14] compiler features compiled with the following output:
Change Dir: /home/osamac/CLionProjects/Extractor/cmake-build-debug/CMakeFiles/CMakeTmp

Run Build Command:"/usr/bin/make" "cmTC_a2c6d/fast"
/usr/bin/make -f CMakeFiles/cmTC_a2c6d.dir/build.make CMakeFiles/cmTC_a2c6d.dir/build
make[1]: Entering directory '/home/osamac/CLionProjects/Extractor/cmake-build-debug/CMakeFiles/CMakeTmp'
Building CXX object CMakeFiles/cmTC_a2c6d.dir/feature_tests.cxx.o
/usr/bin/c++    -std=c++14 -o CMakeFiles/cmTC_a2c6d.dir/feature_tests.cxx.o -c /home/osamac/CLionProjects/Extractor/cmake-build-debug/CMakeFiles/feature_tests.cxx
Linking CXX executable cmTC_a2c6d
"/home/osamac/Program Files/clion-2017.3.4/bin/cmake/bin/cmake" -E cmake_link_script CMakeFiles/cmTC_a2c6d.dir/link.txt --verbose=1
/usr/bin/c++       -rdynamic CMakeFiles/cmTC_a2c6d.dir/feature_tests.cxx.o  -o cmTC_a2c6d 
make[1]: Leaving directory '/home/osamac/CLionProjects/Extractor/cmake-build-debug/CMakeFiles/CMakeTmp'


    Feature record: CXX_FEATURE:1cxx_aggregate_default_initializers
    Feature record: CXX_FEATURE:1cxx_alias_templates
    Feature record: CXX_FEATURE:1cxx_alignas
    Feature record: CXX_FEATURE:1cxx_alignof
    Feature record: CXX_FEATURE:1cxx_attributes
    Feature record: CXX_FEATURE:1cxx_attribute_deprecated
    Feature record: CXX_FEATURE:1cxx_auto_type
    Feature record: CXX_FEATURE:1cxx_binary_literals
    Feature record: CXX_FEATURE:1cxx_constexpr
    Feature record: CXX_FEATURE:1cxx_contextual_conversions
    Feature record: CXX_FEATURE:1cxx_decltype
    Feature record: CXX_FEATURE:1cxx_decltype_auto
    Feature record: CXX_FEATURE:1cxx_decltype_incomplete_return_types
    Feature record: CXX_FEATURE:1cxx_default_function_template_args
    Feature record: CXX_FEATURE:1cxx_defaulted_functions
    Feature record: CXX_FEATURE:1cxx_defaulted_move_initializers
    Feature record: CXX_FEATURE:1cxx_delegating_constructors
    Feature record: CXX_FEATURE:1cxx_deleted_functions
    Feature record: CXX_FEATURE:1cxx_digit_separators
    Feature record: CXX_FEATURE:1cxx_enum_forward_declarations
    Feature record: CXX_FEATURE:1cxx_explicit_conversions
    Feature record: CXX_FEATURE:1cxx_extended_friend_declarations
    Feature record: CXX_FEATURE:1cxx_extern_templates
    Feature record: CXX_FEATURE:1cxx_final
    Feature record: CXX_FEATURE:1cxx_func_identifier
    Feature record: CXX_FEATURE:1cxx_generalized_initializers
    Feature record: CXX_FEATURE:1cxx_generic_lambdas
    Feature record: CXX_FEATURE:1cxx_inheriting_constructors
    Feature record: CXX_FEATURE:1cxx_inline_namespaces
    Feature record: CXX_FEATURE:1cxx_lambdas
    Feature record: CXX_FEATURE:1cxx_lambda_init_captures
    Feature record: CXX_FEATURE:1cxx_local_type_template_args
    Feature record: CXX_FEATURE:1cxx_long_long_type
    Feature record: CXX_FEATURE:1cxx_noexcept
    Feature record: CXX_FEATURE:1cxx_nonstatic_member_init
    Feature record: CXX_FEATURE:1cxx_nullptr
    Feature record: CXX_FEATURE:1cxx_override
    Feature record: CXX_FEATURE:1cxx_range_for
    Feature record: CXX_FEATURE:1cxx_raw_string_literals
    Feature record: CXX_FEATURE:1cxx_reference_qualified_functions
    Feature record: CXX_FEATURE:1cxx_relaxed_constexpr
    Feature record: CXX_FEATURE:1cxx_return_type_deduction
    Feature record: CXX_FEATURE:1cxx_right_angle_brackets
    Feature record: CXX_FEATURE:1cxx_rvalue_references
    Feature record: CXX_FEATURE:1cxx_sizeof_member
    Feature record: CXX_FEATURE:1cxx_static_assert
    Feature record: CXX_FEATURE:1cxx_strong_enums
    Feature record: CXX_FEATURE:1cxx_template_template_parameters
    Feature record: CXX_FEATURE:1cxx_thread_local
    Feature record: CXX_FEATURE:1cxx_trailing_return_types
    Feature record: CXX_FEATURE:1cxx_unicode_literals
    Feature record: CXX_FEATURE:1cxx_uniform_initialization
    Feature record: CXX_FEATURE:1cxx_unrestricted_unions
    Feature record: CXX_FEATURE:1cxx_user_literals
    Feature record: CXX_FEATURE:1cxx_variable_templates
    Feature record: CXX_FEATURE:1cxx_variadic_macros
    Feature record: CXX_FEATURE:1cxx_variadic_templates


Detecting CXX [-std=c++11] compiler features compiled with the following output:
Change Dir: /home/osamac/CLionProjects/Extractor/cmake-build-debug/CMakeFiles/CMakeTmp

Run Build Command:"/usr/bin/make" "cmTC_ecfaa/fast"
/usr/bin/make -f CMakeFiles/cmTC_ecfaa.dir/build.make CMakeFiles/cmTC_ecfaa.dir/build
make[1]: Entering directory '/home/osamac/CLionProjects/Extractor/cmake-build-debug/CMakeFiles/CMakeTmp'
Building CXX object CMakeFiles/cmTC_ecfaa.dir/feature_tests.cxx.o
/usr/bin/c++    -std=c++11 -o CMakeFiles/cmTC_ecfaa.dir/feature_tests.cxx.o -c /home/osamac/CLionProjects/Extractor/cmake-build-debug/CMakeFiles/feature_tests.cxx
Linking CXX executable cmTC_ecfaa
"/home/osamac/Program Files/clion-2017.3.4/bin/cmake/bin/cmake" -E cmake_link_script CMakeFiles/cmTC_ecfaa.dir/link.txt --verbose=1
/usr/bin/c++       -rdynamic CMakeFiles/cmTC_ecfaa.dir/feature_tests.cxx.o  -o cmTC_ecfaa 
make[1]: Leaving directory '/home/osamac/CLionProjects/Extractor/cmake-build-debug/CMakeFiles/CMakeTmp'


    Feature record: CXX_FEATURE:0cxx_aggregate_default_initializers
    Feature record: CXX_FEATURE:1cxx_alias_templates
    Feature record: CXX_FEATURE:1cxx_alignas
    Feature record: CXX_FEATURE:1cxx_alignof
    Feature record: CXX_FEATURE:1cxx_attributes
    Feature record: CXX_FEATURE:0cxx_attribute_deprecated
    Feature record: CXX_FEATURE:1cxx_auto_type
    Feature record: CXX_FEATURE:0cxx_binary_literals
    Feature record: CXX_FEATURE:1cxx_constexpr
    Feature record: CXX_FEATURE:0cxx_contextual_conversions
    Feature record: CXX_FEATURE:1cxx_decltype
    Feature record: CXX_FEATURE:0cxx_decltype_auto
    Feature record: CXX_FEATURE:1cxx_decltype_incomplete_return_types
    Feature record: CXX_FEATURE:1cxx_default_function_template_args
    Feature record: CXX_FEATURE:1cxx_defaulted_functions
    Feature record: CXX_FEATURE:1cxx_defaulted_move_initializers
    Feature record: CXX_FEATURE:1cxx_delegating_constructors
    Feature record: CXX_FEATURE:1cxx_deleted_functions
    Feature record: CXX_FEATURE:0cxx_digit_separators
    Feature record: CXX_FEATURE:1cxx_enum_forward_declarations
    Feature record: CXX_FEATURE:1cxx_explicit_conversions
    Feature record: CXX_FEATURE:1cxx_extended_friend_declarations
    Feature record: CXX_FEATURE:1cxx_extern_templates
    Feature record: CXX_FEATURE:1cxx_final
    Feature record: CXX_FEATURE:1cxx_func_identifier
    Feature record: CXX_FEATURE:1cxx_generalized_initializers
    Feature record: CXX_FEATURE:0cxx_generic_lambdas
    Feature record: CXX_FEATURE:1cxx_inheriting_constructors
    Feature record: CXX_FEATURE:1cxx_inline_namespaces
    Feature record: CXX_FEATURE:1cxx_lambdas
    Feature record: CXX_FEATURE:0cxx_lambda_init_captures
    Feature record: CXX_FEATURE:1cxx_local_type_template_args
    Feature record: CXX_FEATURE:1cxx_long_long_type
    Feature record: CXX_FEATURE:1cxx_noexcept
    Feature record: CXX_FEATURE:1cxx_nonstatic_member_init
    Feature record: CXX_FEATURE:1cxx_nullptr
    Feature record: CXX_FEATURE:1cxx_override
    Feature record: CXX_FEATURE:1cxx_range_for
    Feature record: CXX_FEATURE:1cxx_raw_string_literals
    Feature record: CXX_FEATURE:1cxx_reference_qualified_functions
    Feature record: CXX_FEATURE:0cxx_relaxed_constexpr
    Feature record: CXX_FEATURE:0cxx_return_type_deduction
    Feature record: CXX_FEATURE:1cxx_right_angle_brackets
    Feature record: CXX_FEATURE:1cxx_rvalue_references
    Feature record: CXX_FEATURE:1cxx_sizeof_member
    Feature record: CXX_FEATURE:1cxx_static_assert
    Feature record: CXX_FEATURE:1cxx_strong_enums
    Feature record: CXX_FEATURE:1cxx_template_template_parameters
    Feature record: CXX_FEATURE:1cxx_thread_local
    Feature record: CXX_FEATURE:1cxx_trailing_return_types
    Feature record: CXX_FEATURE:1cxx_unicode_literals
    Feature record: CXX_FEATURE:1cxx_uniform_initialization
    Feature record: CXX_FEATURE:1cxx_unrestricted_unions
    Feature record: CXX_FEATURE:1cxx_user_literals
    Feature record: CXX_FEATURE:0cxx_variable_templates
    Feature record: CXX_FEATURE:1cxx_variadic_macros
    Feature record: CXX_FEATURE:1cxx_variadic_templates


Detecting CXX [-std=c++98] compiler features compiled with the following output:
Change Dir: /home/osamac/CLionProjects/Extractor/cmake-build-debug/CMakeFiles/CMakeTmp

Run Build Command:"/usr/bin/make" "cmTC_4df73/fast"
/usr/bin/make -f CMakeFiles/cmTC_4df73.dir/build.make CMakeFiles/cmTC_4df73.dir/build
make[1]: Entering directory '/home/osamac/CLionProjects/Extractor/cmake-build-debug/CMakeFiles/CMakeTmp'
Building CXX object CMakeFiles/cmTC_4df73.dir/feature_tests.cxx.o
/usr/bin/c++    -std=c++98 -o CMakeFiles/cmTC_4df73.dir/feature_tests.cxx.o -c /home/osamac/CLionProjects/Extractor/cmake-build-debug/CMakeFiles/feature_tests.cxx
Linking CXX executable cmTC_4df73
"/home/osamac/Program Files/clion-2017.3.4/bin/cmake/bin/cmake" -E cmake_link_script CMakeFiles/cmTC_4df73.dir/link.txt --verbose=1
/usr/bin/c++       -rdynamic CMakeFiles/cmTC_4df73.dir/feature_tests.cxx.o  -o cmTC_4df73 
make[1]: Leaving directory '/home/osamac/CLionProjects/Extractor/cmake-build-debug/CMakeFiles/CMakeTmp'


    Feature record: CXX_FEATURE:0cxx_aggregate_default_initializers
    Feature record: CXX_FEATURE:0cxx_alias_templates
    Feature record: CXX_FEATURE:0cxx_alignas
    Feature record: CXX_FEATURE:0cxx_alignof
    Feature record: CXX_FEATURE:0cxx_attributes
    Feature record: CXX_FEATURE:0cxx_attribute_deprecated
    Feature record: CXX_FEATURE:0cxx_auto_type
    Feature record: CXX_FEATURE:0cxx_binary_literals
    Feature record: CXX_FEATURE:0cxx_constexpr
    Feature record: CXX_FEATURE:0cxx_contextual_conversions
    Feature record: CXX_FEATURE:0cxx_decltype
    Feature record: CXX_FEATURE:0cxx_decltype_auto
    Feature record: CXX_FEATURE:0cxx_decltype_incomplete_return_types
    Feature record: CXX_FEATURE:0cxx_default_function_template_args
    Feature record: CXX_FEATURE:0cxx_defaulted_functions
    Feature record: CXX_FEATURE:0cxx_defaulted_move_initializers
    Feature record: CXX_FEATURE:0cxx_delegating_constructors
    Feature record: CXX_FEATURE:0cxx_deleted_functions
    Feature record: CXX_FEATURE:0cxx_digit_separators
    Feature record: CXX_FEATURE:0cxx_enum_forward_declarations
    Feature record: CXX_FEATURE:0cxx_explicit_conversions
    Feature record: CXX_FEATURE:0cxx_extended_friend_declarations
    Feature record: CXX_FEATURE:0cxx_extern_templates
    Feature record: CXX_FEATURE:0cxx_final
    Feature record: CXX_FEATURE:0cxx_func_identifier
    Feature record: CXX_FEATURE:0cxx_generalized_initializers
    Feature record: CXX_FEATURE:0cxx_generic_lambdas
    Feature record: CXX_FEATURE:0cxx_inheriting_constructors
    Feature record: CXX_FEATURE:0cxx_inline_namespaces
    Feature record: CXX_FEATURE:0cxx_lambdas
    Feature record: CXX_FEATURE:0cxx_lambda_init_captures
    Feature record: CXX_FEATURE:0cxx_local_type_template_args
    Feature record: CXX_FEATURE:0cxx_long_long_type
    Feature record: CXX_FEATURE:0cxx_noexcept
    Feature record: CXX_FEATURE:0cxx_nonstatic_member_init
    Feature record: CXX_FEATURE:0cxx_nullptr
    Feature record: CXX_FEATURE:0cxx_override
    Feature record: CXX_FEATURE:0cxx_range_for
    Feature record: CXX_FEATURE:0cxx_raw_string_literals
    Feature record: CXX_FEATURE:0cxx_reference_qualified_functions
    Feature record: CXX_FEATURE:0cxx_relaxed_constexpr
    Feature record: CXX_FEATURE:0cxx_return_type_deduction
    Feature record: CXX_FEATURE:0cxx_right_angle_brackets
    Feature record: CXX_FEATURE:0cxx_rvalue_references
    Feature record: CXX_FEATURE:0cxx_sizeof_member
    Feature record: CXX_FEATURE:0cxx_static_assert
    Feature record: CXX_FEATURE:0cxx_strong_enums
    Feature record: CXX_FEATURE:1cxx_template_template_parameters
    Feature record: CXX_FEATURE:0cxx_thread_local
    Feature record: CXX_FEATURE:0cxx_trailing_return_types
    Feature record: CXX_FEATURE:0cxx_unicode_literals
    Feature record: CXX_FEATURE:0cxx_uniform_initialization
    Feature record: CXX_FEATURE:0cxx_unrestricted_unions
    Feature record: CXX_FEATURE:0cxx_user_literals
    Feature record: CXX_FEATURE:0cxx_variable_templates
    Feature record: CXX_FEATURE:0cxx_variadic_macros
    Feature record: CXX_FEATURE:0cxx_variadic_templates
Determining if the C compiler works passed with the following output:
Change Dir: /home/osamac/CLionProjects/Extractor/cmake-build-debug/CMakeFiles/CMakeTmp

Run Build Command:"/usr/bin/make" "cmTC_1b4da/fast"
/usr/bin/make -f CMakeFiles/cmTC_1b4da.dir/build.make CMakeFiles/cmTC_1b4da.dir/build
make[1]: Entering directory '/home/osamac/CLionProjects/Extractor/cmake-build-debug/CMakeFiles/CMakeTmp'
Building C object CMakeFiles/cmTC_1b4da.dir/testCCompiler.c.o
/usr/bin/cc    -o CMakeFiles/cmTC_1b4da.dir/testCCompiler.c.o   -c /home/osamac/CLionProjects/Extractor/cmake-build-debug/CMakeFiles/CMakeTmp/testCCompiler.c
Linking C executable cmTC_1b4da
"/home/osamac/Program Files/clion-2017.3.4/bin/cmake/bin/cmake" -E cmake_link_script CMakeFiles/cmTC_1b4da.dir/link.txt --verbose=1
/usr/bin/cc      -rdynamic CMakeFiles/cmTC_1b4da.dir/testCCompiler.c.o  -o cmTC_1b4da 
make[1]: Leaving directory '/home/osamac/CLionProjects/Extractor/cmake-build-debug/CMakeFiles/CMakeTmp'


Detecting C compiler ABI info compiled with the following output:
Change Dir: /home/osamac/CLionProjects/Extractor/cmake-build-debug/CMakeFiles/CMakeTmp

Run Build Command:"/usr/bin/make" "cmTC_bad07/fast"
/usr/bin/make -f CMakeFiles/cmTC_bad07.dir/build.make CMakeFiles/cmTC_bad07.dir/build
make[1]: Entering directory '/home/osamac/CLionProjects/Extractor/cmake-build-debug/CMakeFiles/CMakeTmp'
Building C object CMakeFiles/cmTC_bad07.dir/CMakeCCompilerABI.c.o
/usr/bin/cc    -o CMakeFiles/cmTC_bad07.dir/CMakeCCompilerABI.c.o   -c "/home/osamac/Program Files/clion-2017.3.4/bin/cmake/share/cmake-3.9/Modules/CMakeCCompilerABI.c"
Linking C executable cmTC_bad07
"/home/osamac/Program Files/clion-2017.3.4/bin/cmake/bin/cmake" -E cmake_link_script CMakeFiles/cmTC_bad07.dir/link.txt --verbose=1
/usr/bin/cc     -v -rdynamic CMakeFiles/cmTC_bad07.dir/CMakeCCompilerABI.c.o  -o cmTC_bad07 
Using built-in specs.
COLLECT_GCC=/usr/bin/cc
COLLECT_LTO_WRAPPER=/usr/lib/gcc/x86_64-linux-gnu/7/lto-wrapper
OFFLOAD_TARGET_NAMES=nvptx-none
OFFLOAD_TARGET_DEFAULT=1
Target: x86_64-linux-gnu
Configured with: ../src/configure -v --with-pkgversion='Ubuntu 7.2.0-8ubuntu3.2' --with-bugurl=file:///usr/share/doc/gcc-7/README.Bugs --enable-languages=c,ada,c++,go,brig,d,fortran,objc,obj-c++ --prefix=/usr --with-gcc-major-version-only --program-suffix=-7 --program-prefix=x86_64-linux-gnu- --enable-shared --enable-linker-build-id --libexecdir=/usr/lib --without-included-gettext --enable-threads=posix --libdir=/usr/lib --enable-nls --with-sysroot=/ --enable-clocale=gnu --enable-libstdcxx-debug --enable-libstdcxx-time=yes --with-default-libstdcxx-abi=new --enable-gnu-unique-object --disable-vtable-verify --enable-libmpx --enable-plugin --enable-default-pie --with-system-zlib --with-target-system-zlib --enable-objc-gc=auto --enable-multiarch --disable-werror --with-arch-32=i686 --with-abi=m64 --with-multilib-list=m32,m64,mx32 --enable-multilib --with-tune=generic --enable-offload-targets=nvptx-none --without-cuda-driver --enable-checking=release --build=x86_64-linux-gnu --host=x86_64-linux-gnu --target=x86_64-linux-gnu
Thread model: posix
gcc version 7.2.0 (Ubuntu 7.2.0-8ubuntu3.2) 
COMPILER_PATH=/usr/lib/gcc/x86_64-linux-gnu/7/:/usr/lib/gcc/x86_64-linux-gnu/7/:/usr/lib/gcc/x86_64-linux-gnu/:/usr/lib/gcc/x86_64-linux-gnu/7/:/usr/lib/gcc/x86_64-linux-gnu/
LIBRARY_PATH=/usr/lib/gcc/x86_64-linux-gnu/7/:/usr/lib/gcc/x86_64-linux-gnu/7/../../../x86_64-linux-gnu/:/usr/lib/gcc/x86_64-linux-gnu/7/../../../../lib/:/lib/x86_64-linux-gnu/:/lib/../lib/:/usr/lib/x86_64-linux-gnu/:/usr/lib/../lib/:/usr/lib/gcc/x86_64-linux-gnu/7/../../../:/lib/:/usr/lib/
COLLECT_GCC_OPTIONS='-v' '-rdynamic' '-o' 'cmTC_bad07' '-mtune=generic' '-march=x86-64'
 /usr/lib/gcc/x86_64-linux-gnu/7/collect2 -plugin /usr/lib/gcc/x86_64-linux-gnu/7/liblto_plugin.so -plugin-opt=/usr/lib/gcc/x86_64-linux-gnu/7/lto-wrapper -plugin-opt=-fresolution=/tmp/ccVPF5lw.res -plugin-opt=-pass-through=-lgcc -plugin-opt=-pass-through=-lgcc_s -plugin-opt=-pass-through=-lc -plugin-opt=-pass-through=-lgcc -plugin-opt=-pass-through=-lgcc_s --sysroot=/ --build-id --eh-frame-hdr -m elf_x86_64 --hash-style=gnu --as-needed -export-dynamic -dynamic-linker /lib64/ld-linux-x86-64.so.2 -pie -z now -z relro -o cmTC_bad07 /usr/lib/gcc/x86_64-linux-gnu/7/../../../x86_64-linux-gnu/Scrt1.o /usr/lib/gcc/x86_64-linux-gnu/7/../../../x86_64-linux-gnu/crti.o /usr/lib/gcc/x86_64-linux-gnu/7/crtbeginS.o -L/usr/lib/gcc/x86_64-linux-gnu/7 -L/usr/lib/gcc/x86_64-linux-gnu/7/../../../x86_64-linux-gnu -L/usr/lib/gcc/x86_64-linux-gnu/7/../../../../lib -L/lib/x86_64-linux-gnu -L/lib/../lib -L/usr/lib/x86_64-linux-gnu -L/usr/lib/../lib -L/usr/lib/gcc/x86_64-linux-gnu/7/../../.. CMakeFiles/cmTC_bad07.dir/CMakeCCompilerABI.c.o -lgcc --as-needed -lgcc_s --no-as-needed -lc -lgcc --as-needed -lgcc_s --no-as-needed /usr/lib/gcc/x86_64-linux-gnu/7/crtendS.o /usr/lib/gcc/x86_64-linux-gnu/7/../../../x86_64-linux-gnu/crtn.o
COLLECT_GCC_OPTIONS='-v' '-rdynamic' '-o' 'cmTC_bad07' '-mtune=generic' '-march=x86-64'
make[1]: Leaving directory '/home/osamac/CLionProjects/Extractor/cmake-build-debug/CMakeFiles/CMakeTmp'


Parsed C implicit link information from above output:
  link line regex: [^( *|.*[/\])(ld|CMAKE_LINK_STARTFILE-NOTFOUND|([^/\]+-)?ld|collect2)[^/\]*( |$)]
  ignore line: [Change Dir: /home/osamac/CLionProjects/Extractor/cmake-build-debug/CMakeFiles/CMakeTmp]
  ignore line: []
  ignore line: [Run Build Command:"/usr/bin/make" "cmTC_bad07/fast"]
  ignore line: [/usr/bin/make -f CMakeFiles/cmTC_bad07.dir/build.make CMakeFiles/cmTC_bad07.dir/build]
  ignore line: [make[1]: Entering directory '/home/osamac/CLionProjects/Extractor/cmake-build-debug/CMakeFiles/CMakeTmp']
  ignore line: [Building C object CMakeFiles/cmTC_bad07.dir/CMakeCCompilerABI.c.o]
  ignore line: [/usr/bin/cc    -o CMakeFiles/cmTC_bad07.dir/CMakeCCompilerABI.c.o   -c "/home/osamac/Program Files/clion-2017.3.4/bin/cmake/share/cmake-3.9/Modules/CMakeCCompilerABI.c"]
  ignore line: [Linking C executable cmTC_bad07]
  ignore line: ["/home/osamac/Program Files/clion-2017.3.4/bin/cmake/bin/cmake" -E cmake_link_script CMakeFiles/cmTC_bad07.dir/link.txt --verbose=1]
  ignore line: [/usr/bin/cc     -v -rdynamic CMakeFiles/cmTC_bad07.dir/CMakeCCompilerABI.c.o  -o cmTC_bad07 ]
  ignore line: [Using built-in specs.]
  ignore line: [COLLECT_GCC=/usr/bin/cc]
  ignore line: [COLLECT_LTO_WRAPPER=/usr/lib/gcc/x86_64-linux-gnu/7/lto-wrapper]
  ignore line: [OFFLOAD_TARGET_NAMES=nvptx-none]
  ignore line: [OFFLOAD_TARGET_DEFAULT=1]
  ignore line: [Target: x86_64-linux-gnu]
  ignore line: [Configured with: ../src/configure -v --with-pkgversion='Ubuntu 7.2.0-8ubuntu3.2' --with-bugurl=file:///usr/share/doc/gcc-7/README.Bugs --enable-languages=c,ada,c++,go,brig,d,fortran,objc,obj-c++ --prefix=/usr --with-gcc-major-version-only --program-suffix=-7 --program-prefix=x86_64-linux-gnu- --enable-shared --enable-linker-build-id --libexecdir=/usr/lib --without-included-gettext --enable-threads=posix --libdir=/usr/lib --enable-nls --with-sysroot=/ --enable-clocale=gnu --enable-libstdcxx-debug --enable-libstdcxx-time=yes --with-default-libstdcxx-abi=new --enable-gnu-unique-object --disable-vtable-verify --enable-libmpx --enable-plugin --enable-default-pie --with-system-zlib --with-target-system-zlib --enable-objc-gc=auto --enable-multiarch --disable-werror --with-arch-32=i686 --with-abi=m64 --with-multilib-list=m32,m64,mx32 --enable-multilib --with-tune=generic --enable-offload-targets=nvptx-none --without-cuda-driver --enable-checking=release --build=x86_64-linux-gnu --host=x86_64-linux-gnu --target=x86_64-linux-gnu]
  ignore line: [Thread model: posix]
  ignore line: [gcc version 7.2.0 (Ubuntu 7.2.0-8ubuntu3.2) ]
  ignore line: [COMPILER_PATH=/usr/lib/gcc/x86_64-linux-gnu/7/:/usr/lib/gcc/x86_64-linux-gnu/7/:/usr/lib/gcc/x86_64-linux-gnu/:/usr/lib/gcc/x86_64-linux-gnu/7/:/usr/lib/gcc/x86_64-linux-gnu/]
  ignore line: [LIBRARY_PATH=/usr/lib/gcc/x86_64-linux-gnu/7/:/usr/lib/gcc/x86_64-linux-gnu/7/../../../x86_64-linux-gnu/:/usr/lib/gcc/x86_64-linux-gnu/7/../../../../lib/:/lib/x86_64-linux-gnu/:/lib/../lib/:/usr/lib/x86_64-linux-gnu/:/usr/lib/../lib/:/usr/lib/gcc/x86_64-linux-gnu/7/../../../:/lib/:/usr/lib/]
  ignore line: [COLLECT_GCC_OPTIONS='-v' '-rdynamic' '-o' 'cmTC_bad07' '-mtune=generic' '-march=x86-64']
  link line: [ /usr/lib/gcc/x86_64-linux-gnu/7/collect2 -plugin /usr/lib/gcc/x86_64-linux-gnu/7/liblto_plugin.so -plugin-opt=/usr/lib/gcc/x86_64-linux-gnu/7/lto-wrapper -plugin-opt=-fresolution=/tmp/ccVPF5lw.res -plugin-opt=-pass-through=-lgcc -plugin-opt=-pass-through=-lgcc_s -plugin-opt=-pass-through=-lc -plugin-opt=-pass-through=-lgcc -plugin-opt=-pass-through=-lgcc_s --sysroot=/ --build-id --eh-frame-hdr -m elf_x86_64 --hash-style=gnu --as-needed -export-dynamic -dynamic-linker /lib64/ld-linux-x86-64.so.2 -pie -z now -z relro -o cmTC_bad07 /usr/lib/gcc/x86_64-linux-gnu/7/../../../x86_64-linux-gnu/Scrt1.o /usr/lib/gcc/x86_64-linux-gnu/7/../../../x86_64-linux-gnu/crti.o /usr/lib/gcc/x86_64-linux-gnu/7/crtbeginS.o -L/usr/lib/gcc/x86_64-linux-gnu/7 -L/usr/lib/gcc/x86_64-linux-gnu/7/../../../x86_64-linux-gnu -L/usr/lib/gcc/x86_64-linux-gnu/7/../../../../lib -L/lib/x86_64-linux-gnu -L/lib/../lib -L/usr/lib/x86_64-linux-gnu -L/usr/lib/../lib -L/usr/lib/gcc/x86_64-linux-gnu/7/../../.. CMakeFiles/cmTC_bad07.dir/CMakeCCompilerABI.c.o -lgcc --as-needed -lgcc_s --no-as-needed -lc -lgcc --as-needed -lgcc_s --no-as-needed /usr/lib/gcc/x86_64-linux-gnu/7/crtendS.o /usr/lib/gcc/x86_64-linux-gnu/7/../../../x86_64-linux-gnu/crtn.o]
    arg [/usr/lib/gcc/x86_64-linux-gnu/7/collect2] ==> ignore
    arg [-plugin] ==> ignore
    arg [/usr/lib/gcc/x86_64-linux-gnu/7/liblto_plugin.so] ==> ignore
    arg [-plugin-opt=/usr/lib/gcc/x86_64-linux-gnu/7/lto-wrapper] ==> ignore
    arg [-plugin-opt=-fresolution=/tmp/ccVPF5lw.res] ==> ignore
    arg [-plugin-opt=-pass-through=-lgcc] ==> ignore
    arg [-plugin-opt=-pass-through=-lgcc_s] ==> ignore
    arg [-plugin-opt=-pass-through=-lc] ==> ignore
    arg [-plugin-opt=-pass-through=-lgcc] ==> ignore
    arg [-plugin-opt=-pass-through=-lgcc_s] ==> ignore
    arg [--sysroot=/] ==> ignore
    arg [--build-id] ==> ignore
    arg [--eh-frame-hdr] ==> ignore
    arg [-m] ==> ignore
    arg [elf_x86_64] ==> ignore
    arg [--hash-style=gnu] ==> ignore
    arg [--as-needed] ==> ignore
    arg [-export-dynamic] ==> ignore
    arg [-dynamic-linker] ==> ignore
    arg [/lib64/ld-linux-x86-64.so.2] ==> ignore
    arg [-pie] ==> ignore
    arg [-znow] ==> ignore
    arg [-zrelro] ==> ignore
    arg [-o] ==> ignore
    arg [cmTC_bad07] ==> ignore
    arg [/usr/lib/gcc/x86_64-linux-gnu/7/../../../x86_64-linux-gnu/Scrt1.o] ==> ignore
    arg [/usr/lib/gcc/x86_64-linux-gnu/7/../../../x86_64-linux-gnu/crti.o] ==> ignore
    arg [/usr/lib/gcc/x86_64-linux-gnu/7/crtbeginS.o] ==> ignore
    arg [-L/usr/lib/gcc/x86_64-linux-gnu/7] ==> dir [/usr/lib/gcc/x86_64-linux-gnu/7]
    arg [-L/usr/lib/gcc/x86_64-linux-gnu/7/../../../x86_64-linux-gnu] ==> dir [/usr/lib/gcc/x86_64-linux-gnu/7/../../../x86_64-linux-gnu]
    arg [-L/usr/lib/gcc/x86_64-linux-gnu/7/../../../../lib] ==> dir [/usr/lib/gcc/x86_64-linux-gnu/7/../../../../lib]
    arg [-L/lib/x86_64-linux-gnu] ==> dir [/lib/x86_64-linux-gnu]
    arg [-L/lib/../lib] ==> dir [/lib/../lib]
    arg [-L/usr/lib/x86_64-linux-gnu] ==> dir [/usr/lib/x86_64-linux-gnu]
    arg [-L/usr/lib/../lib] ==> dir [/usr/lib/../lib]
    arg [-L/usr/lib/gcc/x86_64-linux-gnu/7/../../..] ==> dir [/usr/lib/gcc/x86_64-linux-gnu/7/../../..]
    arg [CMakeFiles/cmTC_bad07.dir/CMakeCCompilerABI.c.o] ==> ignore
    arg [-lgcc] ==> lib [gcc]
    arg [--as-needed] ==> ignore
    arg [-lgcc_s] ==> lib [gcc_s]
    arg [--no-as-needed] ==> ignore
    arg [-lc] ==> lib [c]
    arg [-lgcc] ==> lib [gcc]
    arg [--as-needed] ==> ignore
    arg [-lgcc_s] ==> lib [gcc_s]
    arg [--no-as-needed] ==> ignore
    arg [/usr/lib/gcc/x86_64-linux-gnu/7/crtendS.o] ==> ignore
    arg [/usr/lib/gcc/x86_64-linux-gnu/7/../../../x86_64-linux-gnu/crtn.o] ==> ignore
  collapse library dir [/usr/lib/gcc/x86_64-linux-gnu/7] ==> [/usr/lib/gcc/x86_64-linux-gnu/7]
  collapse library dir [/usr/lib/gcc/x86_64-linux-gnu/7/../../../x86_64-linux-gnu] ==> [/usr/lib/x86_64-linux-gnu]
  collapse library dir [/usr/lib/gcc/x86_64-linux-gnu/7/../../../../lib] ==> [/usr/lib]
  collapse library dir [/lib/x86_64-linux-gnu] ==> [/lib/x86_64-linux-gnu]
  collapse library dir [/lib/../lib] ==> [/lib]
  collapse library dir [/usr/lib/x86_64-linux-gnu] ==> [/usr/lib/x86_64-linux-gnu]
  collapse library dir [/usr/lib/../lib] ==> [/usr/lib]
  collapse library dir [/usr/lib/gcc/x86_64-linux-gnu/7/../../..] ==> [/usr/lib]
  implicit libs: [gcc;gcc_s;c;gcc;gcc_s]
  implicit dirs: [/usr/lib/gcc/x86_64-linux-gnu/7;/usr/lib/x86_64-linux-gnu;/usr/lib;/lib/x86_64-linux-gnu;/lib]
  implicit fwks: []




Detecting C [-std=c11] compiler features compiled with the following output:
Change Dir: /home/osamac/CLionProjects/Extractor/cmake-build-debug/CMakeFiles/CMakeTmp

Run Build Command:"/usr/bin/make" "cmTC_8a45f/fast"
/usr/bin/make -f CMakeFiles/cmTC_8a45f.dir/build.make CMakeFiles/cmTC_8a45f.dir/build
make[1]: Entering directory '/home/osamac/CLionProjects/Extractor/cmake-build-debug/CMakeFiles/CMakeTmp'
Building C object CMakeFiles/cmTC_8a45f.dir/feature_tests.c.o
/usr/bin/cc   -std=c11 -o CMakeFiles/cmTC_8a45f.dir/feature_tests.c.o   -c /home/osamac/CLionProjects/Extractor/cmake-build-debug/CMakeFiles/feature_tests.c
Linking C executable cmTC_8a45f
"/home/osamac/Program Files/clion-2017.3.4/bin/cmake/bin/cmake" -E cmake_link_script CMakeFiles/cmTC_8a45f.dir/link.txt --verbose=1
/usr/bin/cc      -rdynamic CMakeFiles/cmTC_8a45f.dir/feature_tests.c.o  -o cmTC_8a45f 
make[1]: Leaving directory '/home/osamac/CLionProjects/Extractor/cmake-build-debug/CMakeFiles/CMakeTmp'


    Feature record: C_FEATURE:1c_function_prototypes
    Feature record: C_FEATURE:1c_restrict
    Feature record: C_FEATURE:1c_static_assert
    Feature record: C_FEATURE:1c_variadic_macros


Detecting C [-std=c99] compiler features compiled with the following output:
Change Dir: /home/osamac/CLionProjects/Extractor/cmake-build-debug/CMakeFiles/CMakeTmp

Run Build Command:"/usr/bin/make" "cmTC_fa2f4/fast"
/usr/bin/make -f CMakeFiles/cmTC_fa2f4.dir/build.make CMakeFiles/cmTC_fa2f4.dir/build
make[1]: Entering directory '/home/osamac/CLionProjects/Extractor/cmake-build-debug/CMakeFiles/CMakeTmp'
Building C object CMakeFiles/cmTC_fa2f4.dir/feature_tests.c.o
/usr/bin/cc   -std=c99 -o CMakeFiles/cmTC_fa2f4.dir/feature_tests.c.o   -c /home/osamac/CLionProjects/Extractor/cmake-build-debug/CMakeFiles/feature_tests.c
Linking C executable cmTC_fa2f4
"/home/osamac/Program Files/clion-2017.3.4/bin/cmake/bin/cmake" -E cmake_link_script CMakeFiles/cmTC_fa2f4.dir/link.txt --verbose=1
/usr/bin/cc      -rdynamic CMakeFiles/cmTC_fa2f4.dir/feature_tests.c.o  -o cmTC_fa2f4 
make[1]: Leaving directory '/home/osamac/CLionProjects/Extractor/cmake-build-debug/CMakeFiles/CMakeTmp'


    Feature record: C_FEATURE:1c_function_prototypes
    Feature record: C_FEATURE:1c_restrict
    Feature record: C_FEATURE:0c_static_assert
    Feature record: C_FEATURE:1c_variadic_macros


Detecting C [-std=c90] compiler features compiled with the following output:
Change Dir: /home/osamac/CLionProjects/Extractor/cmake-build-debug/CMakeFiles/CMakeTmp

Run Build Command:"/usr/bin/make" "cmTC_4fc5d/fast"
/usr/bin/make -f CMakeFiles/cmTC_4fc5d.dir/build.make CMakeFiles/cmTC_4fc5d.dir/build
make[1]: Entering directory '/home/osamac/CLionProjects/Extractor/cmake-build-debug/CMakeFiles/CMakeTmp'
Building C object CMakeFiles/cmTC_4fc5d.dir/feature_tests.c.o
/usr/bin/cc   -std=c90 -o CMakeFiles/cmTC_4fc5d.dir/feature_tests.c.o   -c /home/osamac/CLionProjects/Extractor/cmake-build-debug/CMakeFiles/feature_tests.c
Linking C executable cmTC_4fc5d
"/home/osamac/Program Files/clion-2017.3.4/bin/cmake/bin/cmake" -E cmake_link_script CMakeFiles/cmTC_4fc5d.dir/link.txt --verbose=1
/usr/bin/cc      -rdynamic CMakeFiles/cmTC_4fc5d.dir/feature_tests.c.o  -o cmTC_4fc5d 
make[1]: Leaving directory '/home/osamac/CLionProjects/Extractor/cmake-build-debug/CMakeFiles/CMakeTmp'


    Feature record: C_FEATURE:1c_function_prototypes
    Feature record: C_FEATURE:0c_restrict
    Feature record: C_FEATURE:0c_static_assert
    Feature record: C_FEATURE:0c_variadic_macros
Determining if the function pcap_open_dead exists passed with the following output:
Change Dir: /home/osamac/CLionProjects/Extractor/cmake-build-debug/CMakeFiles/CMakeTmp

Run Build Command:"/usr/bin/make" "cmTC_6ba3e/fast"
/usr/bin/make -f CMakeFiles/cmTC_6ba3e.dir/build.make CMakeFiles/cmTC_6ba3e.dir/build
make[1]: Entering directory '/home/osamac/CLionProjects/Extractor/cmake-build-debug/CMakeFiles/CMakeTmp'
Building C object CMakeFiles/cmTC_6ba3e.dir/CheckFunctionExists.c.o
/usr/bin/cc   -DCHECK_FUNCTION_EXISTS=pcap_open_dead   -o CMakeFiles/cmTC_6ba3e.dir/CheckFunctionExists.c.o   -c "/home/osamac/Program Files/clion-2017.3.4/bin/cmake/share/cmake-3.9/Modules/CheckFunctionExists.c"
Linking C executable cmTC_6ba3e
"/home/osamac/Program Files/clion-2017.3.4/bin/cmake/bin/cmake" -E cmake_link_script CMakeFiles/cmTC_6ba3e.dir/link.txt --verbose=1
/usr/bin/cc  -DCHECK_FUNCTION_EXISTS=pcap_open_dead    -rdynamic CMakeFiles/cmTC_6ba3e.dir/CheckFunctionExists.c.o  -o cmTC_6ba3e /usr/lib/x86_64-linux-gnu/libpcap.so 
make[1]: Leaving directory '/home/osamac/CLionProjects/Extractor/cmake-build-debug/CMakeFiles/CMakeTmp'


Determining if the function pcap_freecode exists passed with the following output:
Change Dir: /home/osamac/CLionProjects/Extractor/cmake-build-debug/CMakeFiles/CMakeTmp

Run Build Command:"/usr/bin/make" "cmTC_a1dfa/fast"
/usr/bin/make -f CMakeFiles/cmTC_a1dfa.dir/build.make CMakeFiles/cmTC_a1dfa.dir/build
make[1]: Entering directory '/home/osamac/CLionProjects/Extractor/cmake-build-debug/CMakeFiles/CMakeTmp'
Building C object CMakeFiles/cmTC_a1dfa.dir/CheckFunctionExists.c.o
/usr/bin/cc   -DCHECK_FUNCTION_EXISTS=pcap_freecode   -o CMakeFiles/cmTC_a1dfa.dir/CheckFunctionExists.c.o   -c "/home/osamac/Program Files/clion-2017.3.4/bin/cmake/share/cmake-3.9/Modules/CheckFunctionExists.c"
Linking C executable cmTC_a1dfa
"/home/osamac/Program Files/clion-2017.3.4/bin/cmake/bin/cmake" -E cmake_link_script CMakeFiles/cmTC_a1dfa.dir/link.txt --verbose=1
/usr/bin/cc  -DCHECK_FUNCTION_EXISTS=pcap_freecode    -rdynamic CMakeFiles/cmTC_a1dfa.dir/CheckFunctionExists.c.o  -o cmTC_a1dfa /usr/lib/x86_64-linux-gnu/libpcap.so 
make[1]: Leaving directory '/home/osamac/CLionProjects/Extractor/cmake-build-debug/CMakeFiles/CMakeTmp'


Determining if the function pcap_breakloop exists passed with the following output:
Change Dir: /home/osamac/CLionProjects/Extractor/cmake-build-debug/CMakeFiles/CMakeTmp

Run Build Command:"/usr/bin/make" "cmTC_29c98/fast"
/usr/bin/make -f CMakeFiles/cmTC_29c98.dir/build.make CMakeFiles/cmTC_29c98.dir/build
make[1]: Entering directory '/home/osamac/CLionProjects/Extractor/cmake-build-debug/CMakeFiles/CMakeTmp'
Building C object CMakeFiles/cmTC_29c98.dir/CheckFunctionExists.c.o
/usr/bin/cc   -DCHECK_FUNCTION_EXISTS=pcap_breakloop   -o CMakeFiles/cmTC_29c98.dir/CheckFunctionExists.c.o   -c "/home/osamac/Program Files/clion-2017.3.4/bin/cmake/share/cmake-3.9/Modules/CheckFunctionExists.c"
Linking C executable cmTC_29c98
"/home/osamac/Program Files/clion-2017.3.4/bin/cmake/bin/cmake" -E cmake_link_script CMakeFiles/cmTC_29c98.dir/link.txt --verbose=1
/usr/bin/cc  -DCHECK_FUNCTION_EXISTS=pcap_breakloop    -rdynamic CMakeFiles/cmTC_29c98.dir/CheckFunctionExists.c.o  -o cmTC_29c98 /usr/lib/x86_64-linux-gnu/libpcap.so 
make[1]: Leaving directory '/home/osamac/CLionProjects/Extractor/cmake-build-debug/CMakeFiles/CMakeTmp'


Determining if the function pcap_create exists passed with the following output:
Change Dir: /home/osamac/CLionProjects/Extractor/cmake-build-debug/CMakeFiles/CMakeTmp

Run Build Command:"/usr/bin/make" "cmTC_4acfd/fast"
/usr/bin/make -f CMakeFiles/cmTC_4acfd.dir/build.make CMakeFiles/cmTC_4acfd.dir/build
make[1]: Entering directory '/home/osamac/CLionProjects/Extractor/cmake-build-debug/CMakeFiles/CMakeTmp'
Building C object CMakeFiles/cmTC_4acfd.dir/CheckFunctionExists.c.o
/usr/bin/cc   -DCHECK_FUNCTION_EXISTS=pcap_create   -o CMakeFiles/cmTC_4acfd.dir/CheckFunctionExists.c.o   -c "/home/osamac/Program Files/clion-2017.3.4/bin/cmake/share/cmake-3.9/Modules/CheckFunctionExists.c"
Linking C executable cmTC_4acfd
"/home/osamac/Program Files/clion-2017.3.4/bin/cmake/bin/cmake" -E cmake_link_script CMakeFiles/cmTC_4acfd.dir/link.txt --verbose=1
/usr/bin/cc  -DCHECK_FUNCTION_EXISTS=pcap_create    -rdynamic CMakeFiles/cmTC_4acfd.dir/CheckFunctionExists.c.o  -o cmTC_4acfd /usr/lib/x86_64-linux-gnu/libpcap.so 
make[1]: Leaving directory '/home/osamac/CLionProjects/Extractor/cmake-build-debug/CMakeFiles/CMakeTmp'


Determining if the function pcap_datalink_name_to_val exists passed with the following output:
Change Dir: /home/osamac/CLionProjects/Extractor/cmake-build-debug/CMakeFiles/CMakeTmp

Run Build Command:"/usr/bin/make" "cmTC_8d90c/fast"
/usr/bin/make -f CMakeFiles/cmTC_8d90c.dir/build.make CMakeFiles/cmTC_8d90c.dir/build
make[1]: Entering directory '/home/osamac/CLionProjects/Extractor/cmake-build-debug/CMakeFiles/CMakeTmp'
Building C object CMakeFiles/cmTC_8d90c.dir/CheckFunctionExists.c.o
/usr/bin/cc   -DCHECK_FUNCTION_EXISTS=pcap_datalink_name_to_val   -o CMakeFiles/cmTC_8d90c.dir/CheckFunctionExists.c.o   -c "/home/osamac/Program Files/clion-2017.3.4/bin/cmake/share/cmake-3.9/Modules/CheckFunctionExists.c"
Linking C executable cmTC_8d90c
"/home/osamac/Program Files/clion-2017.3.4/bin/cmake/bin/cmake" -E cmake_link_script CMakeFiles/cmTC_8d90c.dir/link.txt --verbose=1
/usr/bin/cc  -DCHECK_FUNCTION_EXISTS=pcap_datalink_name_to_val    -rdynamic CMakeFiles/cmTC_8d90c.dir/CheckFunctionExists.c.o  -o cmTC_8d90c /usr/lib/x86_64-linux-gnu/libpcap.so 
make[1]: Leaving directory '/home/osamac/CLionProjects/Extractor/cmake-build-debug/CMakeFiles/CMakeTmp'


Determining if the function pcap_datalink_val_to_description exists passed with the following output:
Change Dir: /home/osamac/CLionProjects/Extractor/cmake-build-debug/CMakeFiles/CMakeTmp

Run Build Command:"/usr/bin/make" "cmTC_b620d/fast"
/usr/bin/make -f CMakeFiles/cmTC_b620d.dir/build.make CMakeFiles/cmTC_b620d.dir/build
make[1]: Entering directory '/home/osamac/CLionProjects/Extractor/cmake-build-debug/CMakeFiles/CMakeTmp'
Building C object CMakeFiles/cmTC_b620d.dir/CheckFunctionExists.c.o
/usr/bin/cc   -DCHECK_FUNCTION_EXISTS=pcap_datalink_val_to_description   -o CMakeFiles/cmTC_b620d.dir/CheckFunctionExists.c.o   -c "/home/osamac/Program Files/clion-2017.3.4/bin/cmake/share/cmake-3.9/Modules/CheckFunctionExists.c"
Linking C executable cmTC_b620d
"/home/osamac/Program Files/clion-2017.3.4/bin/cmake/bin/cmake" -E cmake_link_script CMakeFiles/cmTC_b620d.dir/link.txt --verbose=1
/usr/bin/cc  -DCHECK_FUNCTION_EXISTS=pcap_datalink_val_to_description    -rdynamic CMakeFiles/cmTC_b620d.dir/CheckFunctionExists.c.o  -o cmTC_b620d /usr/lib/x86_64-linux-gnu/libpcap.so 
make[1]: Leaving directory '/home/osamac/CLionProjects/Extractor/cmake-build-debug/CMakeFiles/CMakeTmp'


Determining if the function pcap_datalink_val_to_name exists passed with the following output:
Change Dir: /home/osamac/CLionProjects/Extractor/cmake-build-debug/CMakeFiles/CMakeTmp

Run Build Command:"/usr/bin/make" "cmTC_830b4/fast"
/usr/bin/make -f CMakeFiles/cmTC_830b4.dir/build.make CMakeFiles/cmTC_830b4.dir/build
make[1]: Entering directory '/home/osamac/CLionProjects/Extractor/cmake-build-debug/CMakeFiles/CMakeTmp'
Building C object CMakeFiles/cmTC_830b4.dir/CheckFunctionExists.c.o
/usr/bin/cc   -DCHECK_FUNCTION_EXISTS=pcap_datalink_val_to_name   -o CMakeFiles/cmTC_830b4.dir/CheckFunctionExists.c.o   -c "/home/osamac/Program Files/clion-2017.3.4/bin/cmake/share/cmake-3.9/Modules/CheckFunctionExists.c"
Linking C executable cmTC_830b4
"/home/osamac/Program Files/clion-2017.3.4/bin/cmake/bin/cmake" -E cmake_link_script CMakeFiles/cmTC_830b4.dir/link.txt --verbose=1
/usr/bin/cc  -DCHECK_FUNCTION_EXISTS=pcap_datalink_val_to_name    -rdynamic CMakeFiles/cmTC_830b4.dir/CheckFunctionExists.c.o  -o cmTC_830b4 /usr/lib/x86_64-linux-gnu/libpcap.so 
make[1]: Leaving directory '/home/osamac/CLionProjects/Extractor/cmake-build-debug/CMakeFiles/CMakeTmp'


Determining if the function pcap_findalldevs exists passed with the following output:
Change Dir: /home/osamac/CLionProjects/Extractor/cmake-build-debug/CMakeFiles/CMakeTmp

Run Build Command:"/usr/bin/make" "cmTC_2ba23/fast"
/usr/bin/make -f CMakeFiles/cmTC_2ba23.dir/build.make CMakeFiles/cmTC_2ba23.dir/build
make[1]: Entering directory '/home/osamac/CLionProjects/Extractor/cmake-build-debug/CMakeFiles/CMakeTmp'
Building C object CMakeFiles/cmTC_2ba23.dir/CheckFunctionExists.c.o
/usr/bin/cc   -DCHECK_FUNCTION_EXISTS=pcap_findalldevs   -o CMakeFiles/cmTC_2ba23.dir/CheckFunctionExists.c.o   -c "/home/osamac/Program Files/clion-2017.3.4/bin/cmake/share/cmake-3.9/Modules/CheckFunctionExists.c"
Linking C executable cmTC_2ba23
"/home/osamac/Program Files/clion-2017.3.4/bin/cmake/bin/cmake" -E cmake_link_script CMakeFiles/cmTC_2ba23.dir/link.txt --verbose=1
/usr/bin/cc  -DCHECK_FUNCTION_EXISTS=pcap_findalldevs    -rdynamic CMakeFiles/cmTC_2ba23.dir/CheckFunctionExists.c.o  -o cmTC_2ba23 /usr/lib/x86_64-linux-gnu/libpcap.so 
make[1]: Leaving directory '/home/osamac/CLionProjects/Extractor/cmake-build-debug/CMakeFiles/CMakeTmp'


Determining if the function pcap_free_datalinks exists passed with the following output:
Change Dir: /home/osamac/CLionProjects/Extractor/cmake-build-debug/CMakeFiles/CMakeTmp

Run Build Command:"/usr/bin/make" "cmTC_450ca/fast"
/usr/bin/make -f CMakeFiles/cmTC_450ca.dir/build.make CMakeFiles/cmTC_450ca.dir/build
make[1]: Entering directory '/home/osamac/CLionProjects/Extractor/cmake-build-debug/CMakeFiles/CMakeTmp'
Building C object CMakeFiles/cmTC_450ca.dir/CheckFunctionExists.c.o
/usr/bin/cc   -DCHECK_FUNCTION_EXISTS=pcap_free_datalinks   -o CMakeFiles/cmTC_450ca.dir/CheckFunctionExists.c.o   -c "/home/osamac/Program Files/clion-2017.3.4/bin/cmake/share/cmake-3.9/Modules/CheckFunctionExists.c"
Linking C executable cmTC_450ca
"/home/osamac/Program Files/clion-2017.3.4/bin/cmake/bin/cmake" -E cmake_link_script CMakeFiles/cmTC_450ca.dir/link.txt --verbose=1
/usr/bin/cc  -DCHECK_FUNCTION_EXISTS=pcap_free_datalinks    -rdynamic CMakeFiles/cmTC_450ca.dir/CheckFunctionExists.c.o  -o cmTC_450ca /usr/lib/x86_64-linux-gnu/libpcap.so 
make[1]: Leaving directory '/home/osamac/CLionProjects/Extractor/cmake-build-debug/CMakeFiles/CMakeTmp'


Determining if the function pcap_get_selectable_fd exists passed with the following output:
Change Dir: /home/osamac/CLionProjects/Extractor/cmake-build-debug/CMakeFiles/CMakeTmp

Run Build Command:"/usr/bin/make" "cmTC_aa3e6/fast"
/usr/bin/make -f CMakeFiles/cmTC_aa3e6.dir/build.make CMakeFiles/cmTC_aa3e6.dir/build
make[1]: Entering directory '/home/osamac/CLionProjects/Extractor/cmake-build-debug/CMakeFiles/CMakeTmp'
Building C object CMakeFiles/cmTC_aa3e6.dir/CheckFunctionExists.c.o
/usr/bin/cc   -DCHECK_FUNCTION_EXISTS=pcap_get_selectable_fd   -o CMakeFiles/cmTC_aa3e6.dir/CheckFunctionExists.c.o   -c "/home/osamac/Program Files/clion-2017.3.4/bin/cmake/share/cmake-3.9/Modules/CheckFunctionExists.c"
Linking C executable cmTC_aa3e6
"/home/osamac/Program Files/clion-2017.3.4/bin/cmake/bin/cmake" -E cmake_link_script CMakeFiles/cmTC_aa3e6.dir/link.txt --verbose=1
/usr/bin/cc  -DCHECK_FUNCTION_EXISTS=pcap_get_selectable_fd    -rdynamic CMakeFiles/cmTC_aa3e6.dir/CheckFunctionExists.c.o  -o cmTC_aa3e6 /usr/lib/x86_64-linux-gnu/libpcap.so 
make[1]: Leaving directory '/home/osamac/CLionProjects/Extractor/cmake-build-debug/CMakeFiles/CMakeTmp'


Determining if the function pcap_lib_version exists passed with the following output:
Change Dir: /home/osamac/CLionProjects/Extractor/cmake-build-debug/CMakeFiles/CMakeTmp

Run Build Command:"/usr/bin/make" "cmTC_d9307/fast"
/usr/bin/make -f CMakeFiles/cmTC_d9307.dir/build.make CMakeFiles/cmTC_d9307.dir/build
make[1]: Entering directory '/home/osamac/CLionProjects/Extractor/cmake-build-debug/CMakeFiles/CMakeTmp'
Building C object CMakeFiles/cmTC_d9307.dir/CheckFunctionExists.c.o
/usr/bin/cc   -DCHECK_FUNCTION_EXISTS=pcap_lib_version   -o CMakeFiles/cmTC_d9307.dir/CheckFunctionExists.c.o   -c "/home/osamac/Program Files/clion-2017.3.4/bin/cmake/share/cmake-3.9/Modules/CheckFunctionExists.c"
Linking C executable cmTC_d9307
"/home/osamac/Program Files/clion-2017.3.4/bin/cmake/bin/cmake" -E cmake_link_script CMakeFiles/cmTC_d9307.dir/link.txt --verbose=1
/usr/bin/cc  -DCHECK_FUNCTION_EXISTS=pcap_lib_version    -rdynamic CMakeFiles/cmTC_d9307.dir/CheckFunctionExists.c.o  -o cmTC_d9307 /usr/lib/x86_64-linux-gnu/libpcap.so 
make[1]: Leaving directory '/home/osamac/CLionProjects/Extractor/cmake-build-debug/CMakeFiles/CMakeTmp'


Determining if the function pcap_list_datalinks exists passed with the following output:
Change Dir: /home/osamac/CLionProjects/Extractor/cmake-build-debug/CMakeFiles/CMakeTmp

Run Build Command:"/usr/bin/make" "cmTC_ba433/fast"
/usr/bin/make -f CMakeFiles/cmTC_ba433.dir/build.make CMakeFiles/cmTC_ba433.dir/build
make[1]: Entering directory '/home/osamac/CLionProjects/Extractor/cmake-build-debug/CMakeFiles/CMakeTmp'
Building C object CMakeFiles/cmTC_ba433.dir/CheckFunctionExists.c.o
/usr/bin/cc   -DCHECK_FUNCTION_EXISTS=pcap_list_datalinks   -o CMakeFiles/cmTC_ba433.dir/CheckFunctionExists.c.o   -c "/home/osamac/Program Files/clion-2017.3.4/bin/cmake/share/cmake-3.9/Modules/CheckFunctionExists.c"
Linking C executable cmTC_ba433
"/home/osamac/Program Files/clion-2017.3.4/bin/cmake/bin/cmake" -E cmake_link_script CMakeFiles/cmTC_ba433.dir/link.txt --verbose=1
/usr/bin/cc  -DCHECK_FUNCTION_EXISTS=pcap_list_datalinks    -rdynamic CMakeFiles/cmTC_ba433.dir/CheckFunctionExists.c.o  -o cmTC_ba433 /usr/lib/x86_64-linux-gnu/libpcap.so 
make[1]: Leaving directory '/home/osamac/CLionProjects/Extractor/cmake-build-debug/CMakeFiles/CMakeTmp'


Determining if the function pcap_set_datalink exists passed with the following output:
Change Dir: /home/osamac/CLionProjects/Extractor/cmake-build-debug/CMakeFiles/CMakeTmp

Run Build Command:"/usr/bin/make" "cmTC_68a00/fast"
/usr/bin/make -f CMakeFiles/cmTC_68a00.dir/build.make CMakeFiles/cmTC_68a00.dir/build
make[1]: Entering directory '/home/osamac/CLionProjects/Extractor/cmake-build-debug/CMakeFiles/CMakeTmp'
Building C object CMakeFiles/cmTC_68a00.dir/CheckFunctionExists.c.o
/usr/bin/cc   -DCHECK_FUNCTION_EXISTS=pcap_set_datalink   -o CMakeFiles/cmTC_68a00.dir/CheckFunctionExists.c.o   -c "/home/osamac/Program Files/clion-2017.3.4/bin/cmake/share/cmake-3.9/Modules/CheckFunctionExists.c"
Linking C executable cmTC_68a00
"/home/osamac/Program Files/clion-2017.3.4/bin/cmake/bin/cmake" -E cmake_link_script CMakeFiles/cmTC_68a00.dir/link.txt --verbose=1
/usr/bin/cc  -DCHECK_FUNCTION_EXISTS=pcap_set_datalink    -rdynamic CMakeFiles/cmTC_68a00.dir/CheckFunctionExists.c.o  -o cmTC_68a00 /usr/lib/x86_64-linux-gnu/libpcap.so 
make[1]: Leaving directory '/home/osamac/CLionProjects/Extractor/cmake-build-debug/CMakeFiles/CMakeTmp'


Determining if the function bpf_image exists passed with the following output:
Change Dir: /home/osamac/CLionProjects/Extractor/cmake-build-debug/CMakeFiles/CMakeTmp

Run Build Command:"/usr/bin/make" "cmTC_1e427/fast"
/usr/bin/make -f CMakeFiles/cmTC_1e427.dir/build.make CMakeFiles/cmTC_1e427.dir/build
make[1]: Entering directory '/home/osamac/CLionProjects/Extractor/cmake-build-debug/CMakeFiles/CMakeTmp'
Building C object CMakeFiles/cmTC_1e427.dir/CheckFunctionExists.c.o
/usr/bin/cc   -DCHECK_FUNCTION_EXISTS=bpf_image   -o CMakeFiles/cmTC_1e427.dir/CheckFunctionExists.c.o   -c "/home/osamac/Program Files/clion-2017.3.4/bin/cmake/share/cmake-3.9/Modules/CheckFunctionExists.c"
Linking C executable cmTC_1e427
"/home/osamac/Program Files/clion-2017.3.4/bin/cmake/bin/cmake" -E cmake_link_script CMakeFiles/cmTC_1e427.dir/link.txt --verbose=1
/usr/bin/cc  -DCHECK_FUNCTION_EXISTS=bpf_image    -rdynamic CMakeFiles/cmTC_1e427.dir/CheckFunctionExists.c.o  -o cmTC_1e427 /usr/lib/x86_64-linux-gnu/libpcap.so 
make[1]: Leaving directory '/home/osamac/CLionProjects/Extractor/cmake-build-debug/CMakeFiles/CMakeTmp'


Determining if the function pcap_set_tstamp_precision exists passed with the following output:
Change Dir: /home/osamac/CLionProjects/Extractor/cmake-build-debug/CMakeFiles/CMakeTmp

Run Build Command:"/usr/bin/make" "cmTC_50028/fast"
/usr/bin/make -f CMakeFiles/cmTC_50028.dir/build.make CMakeFiles/cmTC_50028.dir/build
make[1]: Entering directory '/home/osamac/CLionProjects/Extractor/cmake-build-debug/CMakeFiles/CMakeTmp'
Building C object CMakeFiles/cmTC_50028.dir/CheckFunctionExists.c.o
/usr/bin/cc   -DCHECK_FUNCTION_EXISTS=pcap_set_tstamp_precision   -o CMakeFiles/cmTC_50028.dir/CheckFunctionExists.c.o   -c "/home/osamac/Program Files/clion-2017.3.4/bin/cmake/share/cmake-3.9/Modules/CheckFunctionExists.c"
Linking C executable cmTC_50028
"/home/osamac/Program Files/clion-2017.3.4/bin/cmake/bin/cmake" -E cmake_link_script CMakeFiles/cmTC_50028.dir/link.txt --verbose=1
/usr/bin/cc  -DCHECK_FUNCTION_EXISTS=pcap_set_tstamp_precision    -rdynamic CMakeFiles/cmTC_50028.dir/CheckFunctionExists.c.o  -o cmTC_50028 /usr/lib/x86_64-linux-gnu/libpcap.so 
make[1]: Leaving directory '/home/osamac/CLionProjects/Extractor/cmake-build-debug/CMakeFiles/CMakeTmp'


